        'galaxy-search-type': 'DevAPIContactID',
        'galaxy-client-type': 'DevAPIContactEnrich',
        'User-Agent': 'axios/1.5.1',
        'Content-Length': '35',
        'Accept-Encoding': 'gzip, compress, deflate, br'
      },
      method: 'post',
      url: 'https://devapi.endato.com/Contact/Id',
      data: '{"PersonID":"G-447285716938497099"}'
    },
    request: <ref *2> ClientRequest {
      _events: [Object: null prototype] {
        abort: [Function (anonymous)],
        aborted: [Function (anonymous)],
        connect: [Function (anonymous)],
        error: [Function (anonymous)],
        socket: [Function (anonymous)],
        timeout: [Function (anonymous)],
        finish: [Function: requestOnFinish]
      },
      _eventsCount: 7,
      _maxListeners: undefined,
      outputData: [],
      outputSize: 0,
      writable: true,
      destroyed: false,
      _last: true,
      chunkedEncoding: false,
      shouldKeepAlive: false,
      maxRequestsOnConnectionReached: false,
      _defaultKeepAlive: true,
      useChunkedEncodingByDefault: true,
      sendDate: false,
      _removedConnection: false,
      _removedContLen: false,
      _removedTE: false,
      strictContentLength: false,
      _contentLength: '35',
      _hasBody: true,
      _trailer: '',
      finished: true,
      _headerSent: true,
      _closed: false,
      socket: <ref *1> TLSSocket {
        _tlsOptions: {
          allowHalfOpen: undefined,
          pipe: false,
          secureContext: SecureContext { context: SecureContext {} },
          isServer: false,
          requestCert: true,
          rejectUnauthorized: true,
          session: undefined,
          ALPNProtocols: undefined,
          requestOCSP: undefined,
          enableTrace: undefined,
          pskCallback: undefined,
          highWaterMark: undefined,
          onread: undefined,
          signal: undefined
        },
        _secureEstablished: true,
        _securePending: false,
        _newSessionPending: false,
        _controlReleased: true,
        secureConnecting: false,
        _SNICallback: null,
        servername: 'devapi.endato.com',
        alpnProtocol: false,
        authorized: true,
        authorizationError: null,
        encrypted: true,
        _events: [Object: null prototype] {
          close: [
            [Function: onSocketCloseDestroySSL],
            [Function],
            [Function: onClose],
            [Function: socketCloseListener]
          ],
          end: [Function: onReadableStreamEnd],
          newListener: [Function: keylogNewListener],
          secure: [Function: onConnectSecure],
          session: [Function (anonymous)],
          free: [Function: onFree],
          timeout: [Function: onTimeout],
          agentRemove: [Function: onRemove],
          error: [Function: socketErrorListener],
          finish: [Function: bound onceWrapper] {
            listener: [Function: destroy]
          }
        },
        _eventsCount: 10,
        connecting: false,
        _hadError: false,
        _parent: null,
        _host: 'devapi.endato.com',
        _closeAfterHandlingError: false,
        _readableState: ReadableState {
          objectMode: false,
          highWaterMark: 16384,
          buffer: BufferList { head: null, tail: null, length: 0 },
          length: 0,
          pipes: [],
          flowing: true,
          ended: false,
          endEmitted: false,
          reading: true,
          constructed: true,
          sync: false,
          needReadable: true,
          emittedReadable: false,
          readableListening: false,
          resumeScheduled: false,
          errorEmitted: false,
          emitClose: false,
          autoDestroy: true,
          destroyed: false,
          errored: null,
          closed: false,
          closeEmitted: false,
          defaultEncoding: 'utf8',
          awaitDrainWriters: null,
          multiAwaitDrain: false,
          readingMore: false,
          dataEmitted: true,
          decoder: null,
          encoding: null,
          [Symbol(kPaused)]: false
        },
        _maxListeners: undefined,
        _writableState: WritableState {
          objectMode: false,
          highWaterMark: 16384,
          finalCalled: true,
          needDrain: false,
          ending: true,
          ended: true,
          finished: false,
          destroyed: false,
          decodeStrings: false,
          defaultEncoding: 'utf8',
          length: 0,
          writing: false,
          corked: 0,
          sync: false,
          bufferProcessing: false,
          onwrite: [Function: bound onwrite],
          writecb: null,
          writelen: 0,
          afterWriteTickInfo: null,
          buffered: [],
          bufferedIndex: 0,
          allBuffers: true,
          allNoop: true,
          pendingcb: 1,
          constructed: true,
          prefinished: false,
          errorEmitted: false,
          emitClose: false,
          autoDestroy: true,
          errored: null,
          closed: false,
          closeEmitted: false,
          [Symbol(kOnFinished)]: []
        },
        allowHalfOpen: false,
        _sockname: null,
        _pendingData: null,
        _pendingEncoding: '',
        server: undefined,
        _server: null,
        ssl: TLSWrap {
          _parent: TCP {
            reading: [Getter/Setter],
            onconnection: null,
            [Symbol(owner_symbol)]: [Circular *1]
          },
          _parentWrap: undefined,
          _secureContext: SecureContext { context: SecureContext {} },
          reading: true,
          onkeylog: [Function: onkeylog],
          onhandshakestart: {},
          onhandshakedone: [Function (anonymous)],
          onocspresponse: [Function: onocspresponse],
          onnewsession: [Function: onnewsessionclient],
          onerror: [Function: onerror],
          [Symbol(owner_symbol)]: [Circular *1]
        },
        _requestCert: true,
        _rejectUnauthorized: true,
        parser: null,
        _httpMessage: [Circular *2],
        [Symbol(res)]: TLSWrap {
          _parent: TCP {
            reading: [Getter/Setter],
            onconnection: null,
            [Symbol(owner_symbol)]: [Circular *1]
          },
          _parentWrap: undefined,
          _secureContext: SecureContext { context: SecureContext {} },
          reading: true,
          onkeylog: [Function: onkeylog],
          onhandshakestart: {},
          onhandshakedone: [Function (anonymous)],
          onocspresponse: [Function: onocspresponse],
          onnewsession: [Function: onnewsessionclient],
          onerror: [Function: onerror],
          [Symbol(owner_symbol)]: [Circular *1]
        },
        [Symbol(verified)]: true,
        [Symbol(pendingSession)]: null,
        [Symbol(async_id_symbol)]: 5,
        [Symbol(kHandle)]: TLSWrap {
          _parent: TCP {
            reading: [Getter/Setter],
            onconnection: null,
            [Symbol(owner_symbol)]: [Circular *1]
          },
          _parentWrap: undefined,
          _secureContext: SecureContext { context: SecureContext {} },
          reading: true,
          onkeylog: [Function: onkeylog],
          onhandshakestart: {},
          onhandshakedone: [Function (anonymous)],
          onocspresponse: [Function: onocspresponse],
          onnewsession: [Function: onnewsessionclient],
          onerror: [Function: onerror],
          [Symbol(owner_symbol)]: [Circular *1]
        },
        [Symbol(lastWriteQueueSize)]: 0,
        [Symbol(timeout)]: null,
        [Symbol(kBuffer)]: null,
        [Symbol(kBufferCb)]: null,
        [Symbol(kBufferGen)]: null,
        [Symbol(kCapture)]: false,
        [Symbol(kSetNoDelay)]: false,
        [Symbol(kSetKeepAlive)]: true,
        [Symbol(kSetKeepAliveInitialDelay)]: 60,
        [Symbol(kBytesRead)]: 0,
        [Symbol(kBytesWritten)]: 0,
        [Symbol(connect-options)]: {
          rejectUnauthorized: true,
          ciphers: 'TLS_AES_256_GCM_SHA384:TLS_CHACHA20_POLY1305_SHA256:TLS_AES_128_GCM_SHA256:ECDHE-RSA-AES128-GCM-SHA256:ECDHE-ECDSA-AES128-GCM-SHA256:ECDHE-RSA-AES256-GCM-SHA384:ECDHE-ECDSA-AES256-GCM-SHA384:DHE-RSA-AES128-GCM-SHA256:ECDHE-RSA-AES128-SHA256:DHE-RSA-AES128-SHA256:ECDHE-RSA-AES256-SHA384:DHE-RSA-AES256-SHA384:ECDHE-RSA-AES256-SHA256:DHE-RSA-AES256-SHA256:HIGH:!aNULL:!eNULL:!EXPORT:!DES:!RC4:!MD5:!PSK:!SRP:!CAMELLIA',
          checkServerIdentity: [Function: checkServerIdentity],
          minDHSize: 1024,
          maxRedirects: 21,
          maxBodyLength: Infinity,
          protocol: 'https:',
          path: null,
          method: 'POST',
          headers: [Object: null prototype] {
            Accept: 'application/json',
            'Content-Type': 'application/json',
            'galaxy-ap-name': '12b8b798-8854-49ac-878c-48ac1d6bdec6',
            'galaxy-ap-password': '53fa790fcb4c412b86278d941f25eec7',
            'galaxy-search-type': 'DevAPIContactID',
            'galaxy-client-type': 'DevAPIContactEnrich',
            'User-Agent': 'axios/1.5.1',
            'Content-Length': '35',
            'Accept-Encoding': 'gzip, compress, deflate, br'
          },
          agents: { http: undefined, https: undefined },
          auth: undefined,
          family: undefined,
          beforeRedirect: [Function: dispatchBeforeRedirect],
          beforeRedirects: { proxy: [Function: beforeRedirect] },
          hostname: 'devapi.endato.com',
          port: 443,
          agent: undefined,
          nativeProtocols: { 'http:': [Object], 'https:': [Object] },
          pathname: '/Contact/Id',
          _defaultAgent: Agent {
            _events: [Object: null prototype],
            _eventsCount: 2,
            _maxListeners: undefined,
            defaultPort: 443,
            protocol: 'https:',
            options: [Object: null prototype],
            requests: [Object: null prototype] {},
            sockets: [Object: null prototype],
            freeSockets: [Object: null prototype] {},
            keepAliveMsecs: 1000,
            keepAlive: false,
            maxSockets: Infinity,
            maxFreeSockets: 256,
            scheduling: 'lifo',
            maxTotalSockets: Infinity,
            totalSocketCount: 1,
            maxCachedSessions: 100,
            _sessionCache: [Object],
            [Symbol(kCapture)]: false
          },
          host: 'devapi.endato.com',
          noDelay: true,
          servername: 'devapi.endato.com',
          _agentKey: 'devapi.endato.com:443:::::::::::::::::::::',
          encoding: null,
          singleUse: true
        }
      },
      _header: 'POST /Contact/Id HTTP/1.1\r\n' +
        'Accept: application/json\r\n' +
        'Content-Type: application/json\r\n' +
        'galaxy-ap-name: 12b8b798-8854-49ac-878c-48ac1d6bdec6\r\n' +
        'galaxy-ap-password: 53fa790fcb4c412b86278d941f25eec7\r\n' +
        'galaxy-search-type: DevAPIContactID\r\n' +
        'galaxy-client-type: DevAPIContactEnrich\r\n' +
        'User-Agent: axios/1.5.1\r\n' +
        'Content-Length: 35\r\n' +
        'Accept-Encoding: gzip, compress, deflate, br\r\n' +
        'Host: devapi.endato.com\r\n' +
        'Connection: close\r\n' +
        '\r\n',
      _keepAliveTimeout: 0,
      _onPendingData: [Function: nop],
      agent: Agent {
        _events: [Object: null prototype] {
          free: [Function (anonymous)],
          newListener: [Function: maybeEnableKeylog]
        },
        _eventsCount: 2,
        _maxListeners: undefined,
        defaultPort: 443,
        protocol: 'https:',
        options: [Object: null prototype] { noDelay: true, path: null },
        requests: [Object: null prototype] {},
        sockets: [Object: null prototype] {
          'devapi.endato.com:443:::::::::::::::::::::': [ [TLSSocket] ]
        },
        freeSockets: [Object: null prototype] {},
        keepAliveMsecs: 1000,
        keepAlive: false,
        maxSockets: Infinity,
        maxFreeSockets: 256,
        scheduling: 'lifo',
        maxTotalSockets: Infinity,
        totalSocketCount: 1,
        maxCachedSessions: 100,
        _sessionCache: {
          map: {
            'devapi.endato.com:443:::::::::::::::::::::': [Buffer [Uint8Array]]
          },
          list: [ 'devapi.endato.com:443:::::::::::::::::::::' ]
        },
        [Symbol(kCapture)]: false
      },
      socketPath: undefined,
      method: 'POST',
      maxHeaderSize: undefined,
      insecureHTTPParser: undefined,
      joinDuplicateHeaders: undefined,
      path: '/Contact/Id',
      _ended: true,
      res: IncomingMessage {
        _readableState: ReadableState {
          objectMode: false,
          highWaterMark: 16384,
          buffer: BufferList { head: null, tail: null, length: 0 },
          length: 0,
          pipes: [],
          flowing: true,
          ended: true,
          endEmitted: true,
          reading: false,
          constructed: true,
          sync: true,
          needReadable: false,
          emittedReadable: false,
          readableListening: false,
          resumeScheduled: false,
          errorEmitted: false,
          emitClose: true,
          autoDestroy: true,
          destroyed: true,
          errored: null,
          closed: true,
          closeEmitted: true,
          defaultEncoding: 'utf8',
          awaitDrainWriters: null,
          multiAwaitDrain: false,
          readingMore: true,
          dataEmitted: true,
          decoder: null,
          encoding: null,
          [Symbol(kPaused)]: false
        },
        _events: [Object: null prototype] {
          end: [ [Function: responseOnEnd], [Function: handleStreamEnd] ],
          error: [Function: handleStreamError],
          data: [Function: handleStreamData],
          aborted: [Function: handlerStreamAborted]
        },
        _eventsCount: 4,
        _maxListeners: undefined,
        socket: <ref *1> TLSSocket {
          _tlsOptions: {
            allowHalfOpen: undefined,
            pipe: false,
            secureContext: [SecureContext],
            isServer: false,
            requestCert: true,
            rejectUnauthorized: true,
            session: undefined,
            ALPNProtocols: undefined,
            requestOCSP: undefined,
            enableTrace: undefined,
            pskCallback: undefined,
            highWaterMark: undefined,
            onread: undefined,
            signal: undefined
          },
          _secureEstablished: true,
          _securePending: false,
          _newSessionPending: false,
          _controlReleased: true,
          secureConnecting: false,
          _SNICallback: null,
          servername: 'devapi.endato.com',
          alpnProtocol: false,
          authorized: true,
          authorizationError: null,
          encrypted: true,
          _events: [Object: null prototype] {
            close: [Array],
            end: [Function: onReadableStreamEnd],
            newListener: [Function: keylogNewListener],
            secure: [Function: onConnectSecure],
            session: [Function (anonymous)],
            free: [Function: onFree],
            timeout: [Function: onTimeout],
            agentRemove: [Function: onRemove],
            error: [Function: socketErrorListener],
            finish: [Function]
          },
          _eventsCount: 10,
          connecting: false,
          _hadError: false,
          _parent: null,
          _host: 'devapi.endato.com',
          _closeAfterHandlingError: false,
          _readableState: ReadableState {
            objectMode: false,
            highWaterMark: 16384,
            buffer: [BufferList],
            length: 0,
            pipes: [],
            flowing: true,
            ended: false,
            endEmitted: false,
            reading: true,
            constructed: true,
            sync: false,
            needReadable: true,
            emittedReadable: false,
            readableListening: false,
            resumeScheduled: false,
            errorEmitted: false,
            emitClose: false,
            autoDestroy: true,
            destroyed: false,
            errored: null,
            closed: false,
            closeEmitted: false,
            defaultEncoding: 'utf8',
            awaitDrainWriters: null,
            multiAwaitDrain: false,
            readingMore: false,
            dataEmitted: true,
            decoder: null,
            encoding: null,
            [Symbol(kPaused)]: false
          },
          _maxListeners: undefined,
          _writableState: WritableState {
            objectMode: false,
            highWaterMark: 16384,
            finalCalled: true,
            needDrain: false,
            ending: true,
            ended: true,
            finished: false,
            destroyed: false,
            decodeStrings: false,
            defaultEncoding: 'utf8',
            length: 0,
            writing: false,
            corked: 0,
            sync: false,
            bufferProcessing: false,
            onwrite: [Function: bound onwrite],
            writecb: null,
            writelen: 0,
            afterWriteTickInfo: null,
            buffered: [],
            bufferedIndex: 0,
            allBuffers: true,
            allNoop: true,
            pendingcb: 1,
            constructed: true,
            prefinished: false,
            errorEmitted: false,
            emitClose: false,
            autoDestroy: true,
            errored: null,
            closed: false,
            closeEmitted: false,
            [Symbol(kOnFinished)]: []
          },
          allowHalfOpen: false,
          _sockname: null,
          _pendingData: null,
          _pendingEncoding: '',
          server: undefined,
          _server: null,
          ssl: TLSWrap {
            _parent: [TCP],
            _parentWrap: undefined,
            _secureContext: [SecureContext],
            reading: true,
            onkeylog: [Function: onkeylog],
            onhandshakestart: {},
            onhandshakedone: [Function (anonymous)],
            onocspresponse: [Function: onocspresponse],
            onnewsession: [Function: onnewsessionclient],
            onerror: [Function: onerror],
            [Symbol(owner_symbol)]: [Circular *1]
          },
          _requestCert: true,
          _rejectUnauthorized: true,
          parser: null,
          _httpMessage: [Circular *2],
          [Symbol(res)]: TLSWrap {
            _parent: [TCP],
            _parentWrap: undefined,
            _secureContext: [SecureContext],
            reading: true,
            onkeylog: [Function: onkeylog],
            onhandshakestart: {},
            onhandshakedone: [Function (anonymous)],
            onocspresponse: [Function: onocspresponse],
            onnewsession: [Function: onnewsessionclient],
            onerror: [Function: onerror],
            [Symbol(owner_symbol)]: [Circular *1]
          },
          [Symbol(verified)]: true,
          [Symbol(pendingSession)]: null,
          [Symbol(async_id_symbol)]: 5,
          [Symbol(kHandle)]: TLSWrap {
            _parent: [TCP],
            _parentWrap: undefined,
            _secureContext: [SecureContext],
            reading: true,
            onkeylog: [Function: onkeylog],
            onhandshakestart: {},
            onhandshakedone: [Function (anonymous)],
            onocspresponse: [Function: onocspresponse],
            onnewsession: [Function: onnewsessionclient],
            onerror: [Function: onerror],
            [Symbol(owner_symbol)]: [Circular *1]
          },
          [Symbol(lastWriteQueueSize)]: 0,
          [Symbol(timeout)]: null,
          [Symbol(kBuffer)]: null,
          [Symbol(kBufferCb)]: null,
          [Symbol(kBufferGen)]: null,
          [Symbol(kCapture)]: false,
          [Symbol(kSetNoDelay)]: false,
          [Symbol(kSetKeepAlive)]: true,
          [Symbol(kSetKeepAliveInitialDelay)]: 60,
          [Symbol(kBytesRead)]: 0,
          [Symbol(kBytesWritten)]: 0,
          [Symbol(connect-options)]: {
            rejectUnauthorized: true,
            ciphers: 'TLS_AES_256_GCM_SHA384:TLS_CHACHA20_POLY1305_SHA256:TLS_AES_128_GCM_SHA256:ECDHE-RSA-AES128-GCM-SHA256:ECDHE-ECDSA-AES128-GCM-SHA256:ECDHE-RSA-AES256-GCM-SHA384:ECDHE-ECDSA-AES256-GCM-SHA384:DHE-RSA-AES128-GCM-SHA256:ECDHE-RSA-AES128-SHA256:DHE-RSA-AES128-SHA256:ECDHE-RSA-AES256-SHA384:DHE-RSA-AES256-SHA384:ECDHE-RSA-AES256-SHA256:DHE-RSA-AES256-SHA256:HIGH:!aNULL:!eNULL:!EXPORT:!DES:!RC4:!MD5:!PSK:!SRP:!CAMELLIA',
            checkServerIdentity: [Function: checkServerIdentity],
            minDHSize: 1024,
            maxRedirects: 21,
            maxBodyLength: Infinity,
            protocol: 'https:',
            path: null,
            method: 'POST',
            headers: [Object: null prototype],
            agents: [Object],
            auth: undefined,
            family: undefined,
            beforeRedirect: [Function: dispatchBeforeRedirect],
            beforeRedirects: [Object],
            hostname: 'devapi.endato.com',
            port: 443,
            agent: undefined,
            nativeProtocols: [Object],
            pathname: '/Contact/Id',
            _defaultAgent: [Agent],
            host: 'devapi.endato.com',
            noDelay: true,
            servername: 'devapi.endato.com',
            _agentKey: 'devapi.endato.com:443:::::::::::::::::::::',
            encoding: null,
            singleUse: true
          }
        },
        httpVersionMajor: 1,
        httpVersionMinor: 1,
        httpVersion: '1.1',
        complete: true,
        rawHeaders: [
          'Cache-Control',
          'no-store, no-transform, must-revalidate, max-age=0, private',
          'Content-Length',
          '267',
          'Content-Type',
          'application/json; charset=utf-8',
          'Server',
          'Microsoft-IIS/10.0',
          'X-RateLimit-PerMinute',
          '120',
          'X-RateLimit-PerMinute-Remaining',
          '120',
          'X-RateLimit-PerMonth',
          '2000',
          'X-RateLimit-PerMonth-Remaining',
          '0',
          'X-AspNet-Version',
          '4.0.30319',
          'Request-Context',
          'appId=cid-v1:88305fc0-c6f3-4b7b-ba91-88d2b3051ee2',
          'X-Powered-By',
          'ASP.NET',
          'Date',
          'Thu, 14 Dec 2023 16:52:35 GMT',
          'Connection',
          'close',
          'Vary',
          'Accept-Encoding'
        ],
        rawTrailers: [],
        joinDuplicateHeaders: undefined,
        aborted: false,
        upgrade: false,
        url: '',
        method: null,
        statusCode: 429,
        statusMessage: '',
        client: <ref *1> TLSSocket {
          _tlsOptions: {
            allowHalfOpen: undefined,
            pipe: false,
            secureContext: [SecureContext],
            isServer: false,
            requestCert: true,
            rejectUnauthorized: true,
            session: undefined,
            ALPNProtocols: undefined,
            requestOCSP: undefined,
            enableTrace: undefined,
            pskCallback: undefined,
            highWaterMark: undefined,
            onread: undefined,
            signal: undefined
          },
          _secureEstablished: true,
          _securePending: false,
          _newSessionPending: false,
          _controlReleased: true,
          secureConnecting: false,
          _SNICallback: null,
          servername: 'devapi.endato.com',
          alpnProtocol: false,
          authorized: true,
          authorizationError: null,
          encrypted: true,
          _events: [Object: null prototype] {
            close: [Array],
            end: [Function: onReadableStreamEnd],
            newListener: [Function: keylogNewListener],
            secure: [Function: onConnectSecure],
            session: [Function (anonymous)],
            free: [Function: onFree],
            timeout: [Function: onTimeout],
            agentRemove: [Function: onRemove],
            error: [Function: socketErrorListener],
            finish: [Function]
          },
          _eventsCount: 10,
          connecting: false,
          _hadError: false,
          _parent: null,
          _host: 'devapi.endato.com',
          _closeAfterHandlingError: false,
          _readableState: ReadableState {
            objectMode: false,
            highWaterMark: 16384,
            buffer: [BufferList],
            length: 0,
            pipes: [],
            flowing: true,
            ended: false,
            endEmitted: false,
            reading: true,
            constructed: true,
            sync: false,
            needReadable: true,
            emittedReadable: false,
            readableListening: false,
            resumeScheduled: false,
            errorEmitted: false,
            emitClose: false,
            autoDestroy: true,
            destroyed: false,
            errored: null,
            closed: false,
            closeEmitted: false,
            defaultEncoding: 'utf8',
            awaitDrainWriters: null,
            multiAwaitDrain: false,
            readingMore: false,
            dataEmitted: true,
            decoder: null,
            encoding: null,
            [Symbol(kPaused)]: false
          },
          _maxListeners: undefined,
          _writableState: WritableState {
            objectMode: false,
            highWaterMark: 16384,
            finalCalled: true,
            needDrain: false,
            ending: true,
            ended: true,
            finished: false,
            destroyed: false,
            decodeStrings: false,
            defaultEncoding: 'utf8',
            length: 0,
            writing: false,
            corked: 0,
            sync: false,
            bufferProcessing: false,
            onwrite: [Function: bound onwrite],
            writecb: null,
            writelen: 0,
            afterWriteTickInfo: null,
            buffered: [],
            bufferedIndex: 0,
            allBuffers: true,
            allNoop: true,
            pendingcb: 1,
            constructed: true,
            prefinished: false,
            errorEmitted: false,
            emitClose: false,
            autoDestroy: true,
            errored: null,
            closed: false,
            closeEmitted: false,
            [Symbol(kOnFinished)]: []
          },
          allowHalfOpen: false,
          _sockname: null,
          _pendingData: null,
          _pendingEncoding: '',
          server: undefined,
          _server: null,
          ssl: TLSWrap {
            _parent: [TCP],
            _parentWrap: undefined,
            _secureContext: [SecureContext],
            reading: true,
            onkeylog: [Function: onkeylog],
            onhandshakestart: {},
            onhandshakedone: [Function (anonymous)],
            onocspresponse: [Function: onocspresponse],
            onnewsession: [Function: onnewsessionclient],
            onerror: [Function: onerror],
            [Symbol(owner_symbol)]: [Circular *1]
          },
          _requestCert: true,
          _rejectUnauthorized: true,
          parser: null,
          _httpMessage: [Circular *2],
          [Symbol(res)]: TLSWrap {
            _parent: [TCP],
            _parentWrap: undefined,
            _secureContext: [SecureContext],
            reading: true,
            onkeylog: [Function: onkeylog],
            onhandshakestart: {},
            onhandshakedone: [Function (anonymous)],
            onocspresponse: [Function: onocspresponse],
            onnewsession: [Function: onnewsessionclient],
            onerror: [Function: onerror],
            [Symbol(owner_symbol)]: [Circular *1]
          },
          [Symbol(verified)]: true,
          [Symbol(pendingSession)]: null,
          [Symbol(async_id_symbol)]: 5,
          [Symbol(kHandle)]: TLSWrap {
            _parent: [TCP],
            _parentWrap: undefined,
            _secureContext: [SecureContext],
            reading: true,
            onkeylog: [Function: onkeylog],
            onhandshakestart: {},
            onhandshakedone: [Function (anonymous)],
            onocspresponse: [Function: onocspresponse],
            onnewsession: [Function: onnewsessionclient],
            onerror: [Function: onerror],
            [Symbol(owner_symbol)]: [Circular *1]
          },
          [Symbol(lastWriteQueueSize)]: 0,
          [Symbol(timeout)]: null,
          [Symbol(kBuffer)]: null,
          [Symbol(kBufferCb)]: null,
          [Symbol(kBufferGen)]: null,
          [Symbol(kCapture)]: false,
          [Symbol(kSetNoDelay)]: false,
          [Symbol(kSetKeepAlive)]: true,
          [Symbol(kSetKeepAliveInitialDelay)]: 60,
          [Symbol(kBytesRead)]: 0,
          [Symbol(kBytesWritten)]: 0,
          [Symbol(connect-options)]: {
            rejectUnauthorized: true,
            ciphers: 'TLS_AES_256_GCM_SHA384:TLS_CHACHA20_POLY1305_SHA256:TLS_AES_128_GCM_SHA256:ECDHE-RSA-AES128-GCM-SHA256:ECDHE-ECDSA-AES128-GCM-SHA256:ECDHE-RSA-AES256-GCM-SHA384:ECDHE-ECDSA-AES256-GCM-SHA384:DHE-RSA-AES128-GCM-SHA256:ECDHE-RSA-AES128-SHA256:DHE-RSA-AES128-SHA256:ECDHE-RSA-AES256-SHA384:DHE-RSA-AES256-SHA384:ECDHE-RSA-AES256-SHA256:DHE-RSA-AES256-SHA256:HIGH:!aNULL:!eNULL:!EXPORT:!DES:!RC4:!MD5:!PSK:!SRP:!CAMELLIA',
            checkServerIdentity: [Function: checkServerIdentity],
            minDHSize: 1024,
            maxRedirects: 21,
            maxBodyLength: Infinity,
            protocol: 'https:',
            path: null,
            method: 'POST',
            headers: [Object: null prototype],
            agents: [Object],
            auth: undefined,
            family: undefined,
            beforeRedirect: [Function: dispatchBeforeRedirect],
            beforeRedirects: [Object],
            hostname: 'devapi.endato.com',
            port: 443,
            agent: undefined,
            nativeProtocols: [Object],
            pathname: '/Contact/Id',
            _defaultAgent: [Agent],
            host: 'devapi.endato.com',
            noDelay: true,
            servername: 'devapi.endato.com',
            _agentKey: 'devapi.endato.com:443:::::::::::::::::::::',
            encoding: null,
            singleUse: true
          }
        },
        _consuming: false,
        _dumped: false,
        req: [Circular *2],
        responseUrl: 'https://devapi.endato.com/Contact/Id',
        redirects: [],
        [Symbol(kCapture)]: false,
        [Symbol(kHeaders)]: {
          'cache-control': 'no-store, no-transform, must-revalidate, max-age=0, private',
          'content-length': '267',
          'content-type': 'application/json; charset=utf-8',
          server: 'Microsoft-IIS/10.0',
          'x-ratelimit-perminute': '120',
          'x-ratelimit-perminute-remaining': '120',
          'x-ratelimit-permonth': '2000',
          'x-ratelimit-permonth-remaining': '0',
          'x-aspnet-version': '4.0.30319',
          'request-context': 'appId=cid-v1:88305fc0-c6f3-4b7b-ba91-88d2b3051ee2',
          'x-powered-by': 'ASP.NET',
          date: 'Thu, 14 Dec 2023 16:52:35 GMT',
          connection: 'close',
          vary: 'Accept-Encoding'
        },
        [Symbol(kHeadersCount)]: 28,
        [Symbol(kTrailers)]: null,
        [Symbol(kTrailersCount)]: 0
      },
      aborted: false,
      timeoutCb: null,
      upgradeOrConnect: false,
      parser: null,
      maxHeadersCount: null,
      reusedSocket: false,
      host: 'devapi.endato.com',
      protocol: 'https:',
      _redirectable: Writable {
        _writableState: WritableState {
          objectMode: false,
          highWaterMark: 16384,
          finalCalled: false,
          needDrain: false,
          ending: false,
          ended: false,
          finished: false,
          destroyed: false,
          decodeStrings: true,
          defaultEncoding: 'utf8',
          length: 0,
          writing: false,
          corked: 0,
          sync: true,
          bufferProcessing: false,
          onwrite: [Function: bound onwrite],
          writecb: null,
          writelen: 0,
          afterWriteTickInfo: null,
          buffered: [],
          bufferedIndex: 0,
          allBuffers: true,
          allNoop: true,
          pendingcb: 0,
          constructed: true,
          prefinished: false,
          errorEmitted: false,
          emitClose: true,
          autoDestroy: true,
          errored: null,
          closed: false,
          closeEmitted: false,
          [Symbol(kOnFinished)]: []
        },
        _events: [Object: null prototype] {
          response: [Function: handleResponse],
          error: [Function: handleRequestError],
          socket: [Function: handleRequestSocket]
        },
        _eventsCount: 3,
        _maxListeners: undefined,
        _options: {
          maxRedirects: 21,
          maxBodyLength: Infinity,
          protocol: 'https:',
          path: '/Contact/Id',
          method: 'POST',
          headers: [Object: null prototype] {
            Accept: 'application/json',
            'Content-Type': 'application/json',
            'galaxy-ap-name': '12b8b798-8854-49ac-878c-48ac1d6bdec6',
            'galaxy-ap-password': '53fa790fcb4c412b86278d941f25eec7',
            'galaxy-search-type': 'DevAPIContactID',
            'galaxy-client-type': 'DevAPIContactEnrich',
            'User-Agent': 'axios/1.5.1',
            'Content-Length': '35',
            'Accept-Encoding': 'gzip, compress, deflate, br'
          },
          agents: { http: undefined, https: undefined },
          auth: undefined,
          family: undefined,
          beforeRedirect: [Function: dispatchBeforeRedirect],
          beforeRedirects: { proxy: [Function: beforeRedirect] },
          hostname: 'devapi.endato.com',
          port: '',
          agent: undefined,
          nativeProtocols: { 'http:': [Object], 'https:': [Object] },
          pathname: '/Contact/Id'
        },
        _ended: true,
        _ending: true,
        _redirectCount: 0,
        _redirects: [],
        _requestBodyLength: 35,
        _requestBodyBuffers: [],
        _onNativeResponse: [Function (anonymous)],
        _currentRequest: [Circular *2],
        _currentUrl: 'https://devapi.endato.com/Contact/Id',
        [Symbol(kCapture)]: false
      },
      [Symbol(kCapture)]: false,
      [Symbol(kBytesWritten)]: 0,
      [Symbol(kEndCalled)]: true,
      [Symbol(kNeedDrain)]: false,
      [Symbol(corked)]: 0,
      [Symbol(kOutHeaders)]: [Object: null prototype] {
        accept: [ 'Accept', 'application/json' ],
        'content-type': [ 'Content-Type', 'application/json' ],
        'galaxy-ap-name': [ 'galaxy-ap-name', '12b8b798-8854-49ac-878c-48ac1d6bdec6' ],
        'galaxy-ap-password': [ 'galaxy-ap-password', '53fa790fcb4c412b86278d941f25eec7' ],
        'galaxy-search-type': [ 'galaxy-search-type', 'DevAPIContactID' ],
        'galaxy-client-type': [ 'galaxy-client-type', 'DevAPIContactEnrich' ],
        'user-agent': [ 'User-Agent', 'axios/1.5.1' ],
        'content-length': [ 'Content-Length', '35' ],
        'accept-encoding': [ 'Accept-Encoding', 'gzip, compress, deflate, br' ],
        host: [ 'Host', 'devapi.endato.com' ]
      },
      [Symbol(errored)]: null,
      [Symbol(kUniqueHeaders)]: null
    },
    data: {
      requestId: 'e57b2a75-3588-44e7-8d50-1e2cec96294b',
      requestType: 'Base',
      requestTime: '2023-12-14T08:52:36.0489011-08:00',
      isError: true,
      error: {
        code: 'Rate Limit Exceeded',
        message: 'Rate Limit Exceeded',
        technicalErrorMessage: '',
        inputErrors: [],
        warnings: []
      }
    }
  }
}